#
# There is insufficient memory for the Java Runtime Environment to continue.
# Native memory allocation (mmap) failed to map 266338304 bytes for G1 virtual space
# Possible reasons:
#   The system is out of physical RAM or swap space
#   The process is running with CompressedOops enabled, and the Java Heap may be blocking the growth of the native heap
# Possible solutions:
#   Reduce memory load on the system
#   Increase physical memory or swap space
#   Check if swap backing store is full
#   Decrease Java heap size (-Xmx/-Xms)
#   Decrease number of Java threads
#   Decrease Java thread stack sizes (-Xss)
#   Set larger code cache with -XX:ReservedCodeCacheSize=
#   JVM is running with Zero Based Compressed Oops mode in which the Java heap is
#     placed in the first 32GB address space. The Java Heap base address is the
#     maximum limit for the native heap growth. Please use -XX:HeapBaseMinAddress
#     to set the Java Heap base and to place the Java Heap above 32GB virtual address.
# This output file may be truncated or incomplete.
#
#  Out of Memory Error (os_windows.cpp:3548), pid=11468, tid=16408
#
# JRE version:  (17.0.10+11) (build )
# Java VM: Java HotSpot(TM) 64-Bit Server VM (17.0.10+11-LTS-240, mixed mode, sharing, tiered, compressed oops, compressed class ptrs, g1 gc, windows-amd64)
# No core dump will be written. Minidumps are not enabled by default on client versions of Windows
#

---------------  S U M M A R Y ------------

Command Line: org.jetbrains.kotlin.cli.jvm.K2JVMCompiler @D:\Users\Martina.Mamdouh\Desktop\OnlineTicketGate\OnlineTicketGate\android\app\build\20240328_17778361465290278987.compiler.options

Host: Intel(R) Core(TM) i5-9500 CPU @ 3.00GHz, 6 cores, 15G,  Windows 10 , 64 bit Build 19041 (10.0.19041.3636)
Time: Thu Mar 28 12:36:19 2024 Egypt Standard Time elapsed time: 0.011513 seconds (0d 0h 0m 0s)

---------------  T H R E A D  ---------------

Current thread (0x00000196c9bee680):  JavaThread "Unknown thread" [_thread_in_vm, id=16408, stack(0x0000005c80400000,0x0000005c80500000)]

Stack: [0x0000005c80400000,0x0000005c80500000]
Native frames: (J=compiled Java code, j=interpreted, Vv=VM code, C=native code)
V  [jvm.dll+0x677a5a]
V  [jvm.dll+0x7d8b2d]
V  [jvm.dll+0x7da48e]
V  [jvm.dll+0x7daaf3]
V  [jvm.dll+0x2455ff]
V  [jvm.dll+0x6749b9]
V  [jvm.dll+0x669382]
V  [jvm.dll+0x302e96]
V  [jvm.dll+0x30a416]
V  [jvm.dll+0x359cbe]
V  [jvm.dll+0x359eef]
V  [jvm.dll+0x2d9e88]
V  [jvm.dll+0x2dadf4]
V  [jvm.dll+0x7aa551]
V  [jvm.dll+0x367911]
V  [jvm.dll+0x789639]
V  [jvm.dll+0x3eb30f]
V  [jvm.dll+0x3ecd91]
C  [jli.dll+0x5297]
C  [ucrtbase.dll+0x21bb2]
C  [KERNEL32.DLL+0x17344]
C  [ntdll.dll+0x526b1]


---------------  P R O C E S S  ---------------

Threads class SMR info:
_java_thread_list=0x00007ff955a96a18, length=0, elements={
}

Java Threads: ( => current thread )

Other Threads:
  0x00000196cbd25550 GCTaskThread "GC Thread#0" [stack: 0x0000005c80500000,0x0000005c80600000] [id=9260]
  0x00000196cbd36120 ConcurrentGCThread "G1 Main Marker" [stack: 0x0000005c80600000,0x0000005c80700000] [id=19272]
  0x00000196cbd376a0 ConcurrentGCThread "G1 Conc#0" [stack: 0x0000005c80700000,0x0000005c80800000] [id=14940]

[error occurred during error reporting (printing all threads), id 0xc0000005, EXCEPTION_ACCESS_VIOLATION (0xc0000005) at pc=0x00007ff9552caae7]

VM state: not at safepoint (not fully initialized)

VM Mutex/Monitor currently owned by a thread:  ([mutex/lock_event])
[0x00000196c9beb980] Heap_lock - owner thread: 0x00000196c9bee680

Heap address: 0x0000000703800000, size: 4040 MB, Compressed Oops mode: Zero based, Oop shift amount: 3

CDS archive(s) mapped at: [0x0000000000000000-0x0000000000000000-0x0000000000000000), size 0, SharedBaseAddress: 0x0000000800000000, ArchiveRelocationMode: 1.
Narrow klass base: 0x0000000000000000, Narrow klass shift: 0, Narrow klass range: 0x0

GC Precious Log:
<Empty>

Heap:
 garbage-first heap   total 0K, used 0K [0x0000000703800000, 0x0000000800000000)
  region size 2048K, 0 young (0K), 0 survivors (0K)

[error occurred during error reporting (printing heap information), id 0xc0000005, EXCEPTION_ACCESS_VIOLATION (0xc0000005) at pc=0x00007ff9556b1249]

GC Heap History (0 events):
No events

Deoptimization events (0 events):
No events

Classes unloaded (0 events):
No events

Classes redefined (0 events):
No events

Internal exceptions (0 events):
No events

VM Operations (0 events):
No events

Events (1 events):
Event: 0.006 Loaded shared library C:\Program Files\Java\jdk-17\bin\java.dll


Dynamic libraries:
0x00007ff782270000 - 0x00007ff782280000 	C:\Program Files\Java\jdk-17\bin\java.exe
0x00007ff9f5710000 - 0x00007ff9f5908000 	C:\Windows\SYSTEM32\ntdll.dll
0x00007ff9f4660000 - 0x00007ff9f471d000 	C:\Windows\System32\KERNEL32.DLL
0x00007ff9f32a0000 - 0x00007ff9f3596000 	C:\Windows\System32\KERNELBASE.dll
0x000000005c920000 - 0x000000005c9be000 	C:\ProgramData\Symantec\Symantec Endpoint Protection\14.3.10148.8000.105\Data\Sysfer\x64\sysfer.dll
0x00007ff9f35a0000 - 0x00007ff9f36a0000 	C:\Windows\System32\ucrtbase.dll
0x00007ff9e3ec0000 - 0x00007ff9e3edb000 	C:\Program Files\Java\jdk-17\bin\VCRUNTIME140.dll
0x00007ff9eaa30000 - 0x00007ff9eaa49000 	C:\Program Files\Java\jdk-17\bin\jli.dll
0x00007ff9f3ed0000 - 0x00007ff9f3f83000 	C:\Windows\System32\ADVAPI32.dll
0x00007ff9f3e30000 - 0x00007ff9f3ece000 	C:\Windows\System32\msvcrt.dll
0x00007ff9f4a00000 - 0x00007ff9f4a9f000 	C:\Windows\System32\sechost.dll
0x00007ff9f39d0000 - 0x00007ff9f3af6000 	C:\Windows\System32\RPCRT4.dll
0x00007ff9f2e70000 - 0x00007ff9f2e97000 	C:\Windows\System32\bcrypt.dll
0x00007ff9f37e0000 - 0x00007ff9f397e000 	C:\Windows\System32\USER32.dll
0x00007ff9f2e40000 - 0x00007ff9f2e62000 	C:\Windows\System32\win32u.dll
0x00007ff9f3e00000 - 0x00007ff9f3e2b000 	C:\Windows\System32\GDI32.dll
0x00007ff9da100000 - 0x00007ff9da39a000 	C:\Windows\WinSxS\amd64_microsoft.windows.common-controls_6595b64144ccf1df_6.0.19041.3636_none_60b6a03d71f818d5\COMCTL32.dll
0x00007ff9f30f0000 - 0x00007ff9f3207000 	C:\Windows\System32\gdi32full.dll
0x00007ff9f3000000 - 0x00007ff9f309d000 	C:\Windows\System32\msvcp_win.dll
0x00007ff9e9790000 - 0x00007ff9e979a000 	C:\Windows\SYSTEM32\VERSION.dll
0x00007ff9f3990000 - 0x00007ff9f39c2000 	C:\Windows\System32\IMM32.DLL
0x00007ff9eda60000 - 0x00007ff9eda6c000 	C:\Program Files\Java\jdk-17\bin\vcruntime140_1.dll
0x00007ff9be790000 - 0x00007ff9be81e000 	C:\Program Files\Java\jdk-17\bin\msvcp140.dll
0x00007ff954fe0000 - 0x00007ff955bbf000 	C:\Program Files\Java\jdk-17\bin\server\jvm.dll
0x00007ff9f3b00000 - 0x00007ff9f3b08000 	C:\Windows\System32\PSAPI.DLL
0x00007ff9ea450000 - 0x00007ff9ea459000 	C:\Windows\SYSTEM32\WSOCK32.dll
0x00007ff9f45f0000 - 0x00007ff9f465b000 	C:\Windows\System32\WS2_32.dll
0x00007ff9e1a70000 - 0x00007ff9e1a97000 	C:\Windows\SYSTEM32\WINMM.dll
0x00007ff9f0ac0000 - 0x00007ff9f0ad2000 	C:\Windows\SYSTEM32\kernel.appcore.dll
0x00007ff9eab30000 - 0x00007ff9eab3a000 	C:\Program Files\Java\jdk-17\bin\jimage.dll
0x00007ff9c6d70000 - 0x00007ff9c6f54000 	C:\Windows\SYSTEM32\DBGHELP.DLL
0x00007ff9c6d10000 - 0x00007ff9c6d44000 	C:\Windows\SYSTEM32\dbgcore.DLL
0x00007ff9f3210000 - 0x00007ff9f3292000 	C:\Windows\System32\bcryptPrimitives.dll
0x00007ff9d4d50000 - 0x00007ff9d4d75000 	C:\Program Files\Java\jdk-17\bin\java.dll

dbghelp: loaded successfully - version: 4.0.5 - missing functions: none
symbol engine: initialized successfully - sym options: 0x614 - pdb path: .;C:\Program Files\Java\jdk-17\bin;C:\Windows\SYSTEM32;C:\ProgramData\Symantec\Symantec Endpoint Protection\14.3.10148.8000.105\Data\Sysfer\x64;C:\Windows\WinSxS\amd64_microsoft.windows.common-controls_6595b64144ccf1df_6.0.19041.3636_none_60b6a03d71f818d5;C:\Program Files\Java\jdk-17\bin\server

VM Arguments:
java_command: org.jetbrains.kotlin.cli.jvm.K2JVMCompiler @D:\Users\Martina.Mamdouh\Desktop\OnlineTicketGate\OnlineTicketGate\android\app\build\20240328_17778361465290278987.compiler.options
java_class_path (initial): D:\Users\Martina.Mamdouh\.gradle\caches\modules-2\files-2.1\org.jetbrains.kotlin\kotlin-compiler-embeddable\1.8.0\eb9118d4bcceaa2a94b2ae2a33a4ddba7c9a947f\kotlin-compiler-embeddable-1.8.0.jar;D:\Users\Martina.Mamdouh\.gradle\caches\modules-2\files-2.1\org.jetbrains.kotlin\kotlin-stdlib\1.8.0\1796921c7a3e2e2665a83e6c8d33399336cd39bc\kotlin-stdlib-1.8.0.jar;D:\Users\Martina.Mamdouh\.gradle\caches\modules-2\files-2.1\org.jetbrains.kotlin\kotlin-script-runtime\1.8.0\b2f7e760d283cb339974851c222a4c1d48f2d3d\kotlin-script-runtime-1.8.0.jar;D:\Users\Martina.Mamdouh\.gradle\caches\modules-2\files-2.1\org.jetbrains.kotlin\kotlin-reflect\1.6.10\1cbe9c92c12a94eea200d23c2bbaedaf3daf5132\kotlin-reflect-1.6.10.jar;D:\Users\Martina.Mamdouh\.gradle\caches\modules-2\files-2.1\org.jetbrains.kotlin\kotlin-daemon-embeddable\1.8.0\d255216c551685dc3a7e852b53617f5f01aaaa5c\kotlin-daemon-embeddable-1.8.0.jar;D:\Users\Martina.Mamdouh\.gradle\caches\modules-2\files-2.1\org.jetbrains.intellij.deps\trove4j\1.0.20200330\3afb14d5f9ceb459d724e907a21145e8ff394f02\trove4j-1.0.20200330.jar;D:\Users\Martina.Mamdouh\.gradle\caches\modules-2\files-2.1\net.java.dev.jna\jna\5.6.0\330f2244e9030119ab3030fc3fededc86713d9cc\jna-5.6.0.jar;D:\Users\Martina.Mamdouh\.gradle\caches\modules-2\files-2.1\org.jetbrains.kotlin\kotlin-stdlib-common\1.8.0\f7197e7cc76453ac59f8b0f8d5137cc600becd36\kotlin-stdlib-common-1.8.0.jar;D:\Users\Martina.Mamdouh\.gradle\caches\modules-2\files-2.1\org.jetbrains\annotations\13.0\919f0dfe192fb4e063e7dacadee7f8bb9a2672a9\annotations-13.0.jar
Launcher Type: SUN_STANDARD

[Global flags]
     intx CICompilerCount                          = 3                                         {product} {ergonomic}
     uint ConcGCThreads                            = 2                                         {product} {ergonomic}
     uint G1ConcRefinementThreads                  = 6                                         {product} {ergonomic}
   size_t G1HeapRegionSize                         = 2097152                                   {product} {ergonomic}
    uintx GCDrainStackTargetSize                   = 64                                        {product} {ergonomic}
   size_t InitialHeapSize                          = 266338304                                 {product} {ergonomic}
   size_t MarkStackSize                            = 4194304                                   {product} {ergonomic}
   size_t MaxHeapSize                              = 4236247040                                {product} {ergonomic}
   size_t MinHeapDeltaBytes                        = 2097152                                   {product} {ergonomic}
   size_t MinHeapSize                              = 8388608                                   {product} {ergonomic}
    uintx NonNMethodCodeHeapSize                   = 5832780                                {pd product} {ergonomic}
    uintx NonProfiledCodeHeapSize                  = 122912730                              {pd product} {ergonomic}
    uintx ProfiledCodeHeapSize                     = 122912730                              {pd product} {ergonomic}
    uintx ReservedCodeCacheSize                    = 251658240                              {pd product} {ergonomic}
     bool SegmentedCodeCache                       = true                                      {product} {ergonomic}
   size_t SoftMaxHeapSize                          = 4236247040                             {manageable} {ergonomic}
     bool UseCompressedClassPointers               = true                           {product lp64_product} {ergonomic}
     bool UseCompressedOops                        = true                           {product lp64_product} {ergonomic}
     bool UseG1GC                                  = true                                      {product} {ergonomic}
     bool UseLargePagesIndividualAllocation        = false                                  {pd product} {ergonomic}

Logging:
Log output configuration:
 #0: stdout all=warning uptime,level,tags
 #1: stderr all=off uptime,level,tags

Environment Variables:
JAVA_HOME=C:\Program Files\Java\jdk-17
CLASSPATH=D:\Users\Martina.Mamdouh\Desktop\OnlineTicketGate\OnlineTicketGate\android\\gradle\wrapper\gradle-wrapper.jar
PATH=D:\Users\Martina.Mamdouh\Desktop\OnlineTicketGate\OnlineTicketGate\node_modules\.bin;D:\Users\Martina.Mamdouh\Desktop\OnlineTicketGate\node_modules\.bin;D:\Users\Martina.Mamdouh\Desktop\node_modules\.bin;D:\Users\Martina.Mamdouh\node_modules\.bin;D:\Users\node_modules\.bin;D:\node_modules\.bin;C:\Program Files\nodejs\node_modules\npm\node_modules\@npmcli\run-script\lib\node-gyp-bin;C:\Program Files\Documentum\Shared;C:\Program Files (x86)\Common Files\Oracle\Java\javapath;C:\Program Files (x86)\Cuminas\Document Express DjVu Plug-in\;C:\Windows\system32;C:\Windows;C:\Windows\System32\Wbem;C:\Windows\System32\WindowsPowerShell\v1.0\;C:\Windows\System32\OpenSSH\;C:\Program Files\Microsoft SQL Server\150\Tools\Binn\;C:\Program Files\Microsoft SQL Server\Client SDK\ODBC\170\Tools\Binn\;C:\Program Files\dotnet\;C:\Program Files (x86)\Microsoft SQL Server\160\Tools\Binn\;C:\Program Files\Microsoft SQL Server\160\Tools\Binn\;C:\Program Files\Microsoft SQL Server\160\DTS\Binn\;C:\Program Files (x86)\Microsoft SQL Server\160\DTS\Binn\;C:\Program Files\Azure Data Studio\bin;C:\Program Files\Git\cmd;C:\Program Files\nodejs\;C:\Program Files\Java\jdk-21\bin;C:\Program Files\Java\jdk-17;D:\Users\Martina.Mamdouh\AppData\Local\Microsoft\WindowsApps;D:\Users\Martina.Mamdouh\.dotnet\tools;D:\Users\Martina.Mamdouh\AppData\Local\Programs\Microsoft VS Code\bin;D:\Users\Martina.Mamdouh\AppData\Roaming\npm;D:\Users\Martina.Mamdouh\AppData\Local\Android\Sdk\platform-tools;D:\Users\Martina.Mamdouh\AppData\Local\Android\Sdk\emulator
USERNAME=Martina.Mamdouh
LANG=en_US.UTF-8
OS=Windows_NT
PROCESSOR_IDENTIFIER=Intel64 Family 6 Model 158 Stepping 10, GenuineIntel



---------------  S Y S T E M  ---------------

OS:
 Windows 10 , 64 bit Build 19041 (10.0.19041.3636)
OS uptime: 2 days 3:07 hours

CPU: total 6 (initial active 6) (6 cores per cpu, 1 threads per core) family 6 model 158 stepping 10 microcode 0xca, cx8, cmov, fxsr, mmx, 3dnowpref, sse, sse2, sse3, ssse3, sse4.1, sse4.2, popcnt, lzcnt, tsc, tscinvbit, avx, avx2, aes, erms, clmul, bmi1, bmi2, rtm, adx, fma, vzeroupper, clflush, clflushopt

Memory: 4k page, system-wide physical 16158M (1002M free)
TotalPageFile size 19073M (AvailPageFile size 132M)
current process WorkingSet (physical memory assigned to process): 11M, peak: 11M
current process commit charge ("private bytes"): 56M, peak: 310M

vm_info: Java HotSpot(TM) 64-Bit Server VM (17.0.10+11-LTS-240) for windows-amd64 JRE (17.0.10+11-LTS-240), built on Dec 19 2023 21:47:25 by "mach5one" with MS VC++ 17.1 (VS2022)

END.
